<?xml version="1.0" encoding="UTF-8"?>
<TestRun id="b8ee029f-00c3-4dae-9ee7-cb9179c5bc52" name="atalia.beukes@DTAHQCZC9351JC1 2012-04-10 11:08:05" runUser="BWMAFR\atalia.beukes" xmlns="http://microsoft.com/schemas/VisualStudio/TeamTest/2010">
  <TestSettings name="Local" id="fb905960-8d90-4288-b6a8-1598539214c2">
    <Description>These are default test settings for a local test run.</Description>
    <Deployment enabled="false" runDeploymentRoot="atalia.beukes_DTAHQCZC9351JC1 2012-04-10 11_08_05">
      <DeploymentItem filename="C:\Program Files (x86)\Reference Assemblies\Microsoft\Framework\.NETFramework\v4.0\System.Windows.Forms.dll" />
      <DeploymentItem filename="C:\Program Files (x86)\Reference Assemblies\Microsoft\Framework\.NETFramework\v4.0\Microsoft.CSharp.dll" />
      <DeploymentItem filename="C:\Program Files (x86)\Reference Assemblies\Microsoft\Framework\.NETFramework\v4.0\System.Data.dll" />
      <DeploymentItem filename="C:\Program Files (x86)\Reference Assemblies\Microsoft\Framework\.NETFramework\v4.0\System.Data.DataSetExtensions.dll" />
      <DeploymentItem filename="C:\Program Files (x86)\Reference Assemblies\Microsoft\Framework\.NETFramework\v4.0\System.Deployment.dll" />
      <DeploymentItem filename="C:\Program Files (x86)\Reference Assemblies\Microsoft\Framework\.NETFramework\v4.0\System.Xml.Linq.dll" />
      <DeploymentItem filename="C:\Program Files (x86)\Reference Assemblies\Microsoft\Framework\.NETFramework\v4.0\System.Drawing.dll" />
      <DeploymentItem filename="C:\workspace\CodeChallenge\Mar2012\toh\toh\bin\Debug\toh.exe" />
      <DeploymentItem filename="C:\Program Files (x86)\Reference Assemblies\Microsoft\Framework\.NETFramework\v4.0\System.Xml.dll" />
    </Deployment>
    <Execution>
      <TestTypeSpecific />
      <AgentRule name="Execution Agents">
      </AgentRule>
    </Execution>
  </TestSettings>
  <Times creation="2012-04-10T11:08:05.4134025+02:00" queuing="2012-04-10T11:08:06.5025114+02:00" start="2012-04-10T11:08:06.6725284+02:00" finish="2012-04-10T11:08:42.3971005+02:00" />
  <ResultSummary outcome="Completed">
    <Counters total="5" executed="5" passed="5" error="0" failed="0" timeout="0" aborted="0" inconclusive="0" passedButRunAborted="0" notRunnable="0" notExecuted="0" disconnected="0" warning="0" completed="0" inProgress="0" pending="0" />
  </ResultSummary>
  <TestDefinitions>
    <UnitTest name="MoveTest" storage="c:\workspace\codechallenge\mar2012\toh\testproject1\bin\debug\testproject1.dll" id="46c9b9dc-654e-b117-e2e8-cdced9c89c83">
      <Execution id="a2af184d-7750-4ba4-9224-c8f846ef5993" />
      <TestMethod codeBase="C:/workspace/CodeChallenge/Mar2012/toh/TestProject1/bin/Debug/TestProject1.DLL" adapterTypeName="Microsoft.VisualStudio.TestTools.TestTypes.Unit.UnitTestAdapter, Microsoft.VisualStudio.QualityTools.Tips.UnitTest.Adapter, Version=10.0.0.0, Culture=neutral, PublicKeyToken=b03f5f7f11d50a3a" className="TestProject1.GameStateTest, TestProject1, Version=1.0.0.0, Culture=neutral, PublicKeyToken=null" name="MoveTest" />
    </UnitTest>
    <UnitTest name="getMoveCountTest" storage="c:\workspace\codechallenge\mar2012\toh\testproject1\bin\debug\testproject1.dll" id="6a5361c1-ebe9-ff86-bdf3-8a65935f37d7">
      <Execution id="6158328f-8d27-45c0-8bca-25af1338b05b" />
      <TestMethod codeBase="C:/workspace/CodeChallenge/Mar2012/toh/TestProject1/bin/Debug/TestProject1.DLL" adapterTypeName="Microsoft.VisualStudio.TestTools.TestTypes.Unit.UnitTestAdapter, Microsoft.VisualStudio.QualityTools.Tips.UnitTest.Adapter, Version=10.0.0.0, Culture=neutral, PublicKeyToken=b03f5f7f11d50a3a" className="TestProject1.MoveCalculatorTest, TestProject1, Version=1.0.0.0, Culture=neutral, PublicKeyToken=null" name="getMoveCountTest" />
    </UnitTest>
    <UnitTest name="getMovesTest" storage="c:\workspace\codechallenge\mar2012\toh\testproject1\bin\debug\testproject1.dll" id="9cd0caa3-7b89-e5d4-6714-cba236976e2d">
      <Execution id="806e9f15-d791-416c-b4e8-4ef8b640db99" />
      <TestMethod codeBase="C:/workspace/CodeChallenge/Mar2012/toh/TestProject1/bin/Debug/TestProject1.DLL" adapterTypeName="Microsoft.VisualStudio.TestTools.TestTypes.Unit.UnitTestAdapter, Microsoft.VisualStudio.QualityTools.Tips.UnitTest.Adapter, Version=10.0.0.0, Culture=neutral, PublicKeyToken=b03f5f7f11d50a3a" className="TestProject1.MoveCalculatorTest, TestProject1, Version=1.0.0.0, Culture=neutral, PublicKeyToken=null" name="getMovesTest" />
    </UnitTest>
    <UnitTest name="IsSolvedTest" storage="c:\workspace\codechallenge\mar2012\toh\testproject1\bin\debug\testproject1.dll" id="e1d37d35-df28-d38f-0c9f-cb776dfc003c">
      <Execution id="50e2647f-c57e-4599-a2b1-4c7ac69b5ce6" />
      <TestMethod codeBase="C:/workspace/CodeChallenge/Mar2012/toh/TestProject1/bin/Debug/TestProject1.DLL" adapterTypeName="Microsoft.VisualStudio.TestTools.TestTypes.Unit.UnitTestAdapter, Microsoft.VisualStudio.QualityTools.Tips.UnitTest.Adapter, Version=10.0.0.0, Culture=neutral, PublicKeyToken=b03f5f7f11d50a3a" className="TestProject1.GameStateTest, TestProject1, Version=1.0.0.0, Culture=neutral, PublicKeyToken=null" name="IsSolvedTest" />
    </UnitTest>
    <UnitTest name="RestartGameTest" storage="c:\workspace\codechallenge\mar2012\toh\testproject1\bin\debug\testproject1.dll" id="75e81428-2d3c-2c70-5a75-13c8b9f91036">
      <Execution id="0fb967b0-28ab-4d39-afa8-4c72526deaa6" />
      <TestMethod codeBase="C:/workspace/CodeChallenge/Mar2012/toh/TestProject1/bin/Debug/TestProject1.DLL" adapterTypeName="Microsoft.VisualStudio.TestTools.TestTypes.Unit.UnitTestAdapter, Microsoft.VisualStudio.QualityTools.Tips.UnitTest.Adapter, Version=10.0.0.0, Culture=neutral, PublicKeyToken=b03f5f7f11d50a3a" className="TestProject1.GameStateTest, TestProject1, Version=1.0.0.0, Culture=neutral, PublicKeyToken=null" name="RestartGameTest" />
    </UnitTest>
  </TestDefinitions>
  <TestLists>
    <TestList name="Results Not in a List" id="8c84fa94-04c1-424b-9868-57a2d4851a1d" />
    <TestList name="All Loaded Results" id="19431567-8539-422a-85d7-44ee4e166bda" />
  </TestLists>
  <TestEntries>
    <TestEntry testId="9cd0caa3-7b89-e5d4-6714-cba236976e2d" executionId="806e9f15-d791-416c-b4e8-4ef8b640db99" testListId="8c84fa94-04c1-424b-9868-57a2d4851a1d" />
    <TestEntry testId="6a5361c1-ebe9-ff86-bdf3-8a65935f37d7" executionId="6158328f-8d27-45c0-8bca-25af1338b05b" testListId="8c84fa94-04c1-424b-9868-57a2d4851a1d" />
    <TestEntry testId="75e81428-2d3c-2c70-5a75-13c8b9f91036" executionId="0fb967b0-28ab-4d39-afa8-4c72526deaa6" testListId="8c84fa94-04c1-424b-9868-57a2d4851a1d" />
    <TestEntry testId="e1d37d35-df28-d38f-0c9f-cb776dfc003c" executionId="50e2647f-c57e-4599-a2b1-4c7ac69b5ce6" testListId="8c84fa94-04c1-424b-9868-57a2d4851a1d" />
    <TestEntry testId="46c9b9dc-654e-b117-e2e8-cdced9c89c83" executionId="a2af184d-7750-4ba4-9224-c8f846ef5993" testListId="8c84fa94-04c1-424b-9868-57a2d4851a1d" />
  </TestEntries>
  <Results>
    <UnitTestResult executionId="806e9f15-d791-416c-b4e8-4ef8b640db99" testId="9cd0caa3-7b89-e5d4-6714-cba236976e2d" testName="getMovesTest" computerName="DTAHQCZC9351JC1" duration="00:00:33.8610996" startTime="2012-04-10T11:08:06.8025414+02:00" endTime="2012-04-10T11:08:42.2480856+02:00" testType="13cdc9d9-ddb5-4fa4-a97d-d965ccfc6d4b" outcome="Passed" testListId="8c84fa94-04c1-424b-9868-57a2d4851a1d" relativeResultsDirectory="806e9f15-d791-416c-b4e8-4ef8b640db99">
    </UnitTestResult>
    <UnitTestResult executionId="6158328f-8d27-45c0-8bca-25af1338b05b" testId="6a5361c1-ebe9-ff86-bdf3-8a65935f37d7" testName="getMoveCountTest" computerName="DTAHQCZC9351JC1" duration="00:00:00.0003483" startTime="2012-04-10T11:08:42.2590867+02:00" endTime="2012-04-10T11:08:42.2640872+02:00" testType="13cdc9d9-ddb5-4fa4-a97d-d965ccfc6d4b" outcome="Passed" testListId="8c84fa94-04c1-424b-9868-57a2d4851a1d" relativeResultsDirectory="6158328f-8d27-45c0-8bca-25af1338b05b">
    </UnitTestResult>
    <UnitTestResult executionId="0fb967b0-28ab-4d39-afa8-4c72526deaa6" testId="75e81428-2d3c-2c70-5a75-13c8b9f91036" testName="RestartGameTest" computerName="DTAHQCZC9351JC1" duration="00:00:00.0030892" startTime="2012-04-10T11:08:42.2720880+02:00" endTime="2012-04-10T11:08:42.2800888+02:00" testType="13cdc9d9-ddb5-4fa4-a97d-d965ccfc6d4b" outcome="Passed" testListId="8c84fa94-04c1-424b-9868-57a2d4851a1d" relativeResultsDirectory="0fb967b0-28ab-4d39-afa8-4c72526deaa6">
    </UnitTestResult>
    <UnitTestResult executionId="50e2647f-c57e-4599-a2b1-4c7ac69b5ce6" testId="e1d37d35-df28-d38f-0c9f-cb776dfc003c" testName="IsSolvedTest" computerName="DTAHQCZC9351JC1" duration="00:00:00.0049282" startTime="2012-04-10T11:08:42.2880896+02:00" endTime="2012-04-10T11:08:42.2980906+02:00" testType="13cdc9d9-ddb5-4fa4-a97d-d965ccfc6d4b" outcome="Passed" testListId="8c84fa94-04c1-424b-9868-57a2d4851a1d" relativeResultsDirectory="50e2647f-c57e-4599-a2b1-4c7ac69b5ce6">
    </UnitTestResult>
    <UnitTestResult executionId="a2af184d-7750-4ba4-9224-c8f846ef5993" testId="46c9b9dc-654e-b117-e2e8-cdced9c89c83" testName="MoveTest" computerName="DTAHQCZC9351JC1" duration="00:00:00.0027912" startTime="2012-04-10T11:08:42.3040912+02:00" endTime="2012-04-10T11:08:42.3130921+02:00" testType="13cdc9d9-ddb5-4fa4-a97d-d965ccfc6d4b" outcome="Passed" testListId="8c84fa94-04c1-424b-9868-57a2d4851a1d" relativeResultsDirectory="a2af184d-7750-4ba4-9224-c8f846ef5993">
    </UnitTestResult>
  </Results>
</TestRun>