<?xml version="1.0" encoding="UTF-8"?>
<TestRun id="312f4846-ab89-4bd5-882b-7256679b75cc" name="atalia.beukes@DTAHQCZC9351JC1 2012-04-10 10:58:06" runUser="BWMAFR\atalia.beukes" xmlns="http://microsoft.com/schemas/VisualStudio/TeamTest/2010">
  <TestSettings name="Local" id="fb905960-8d90-4288-b6a8-1598539214c2">
    <Description>These are default test settings for a local test run.</Description>
    <Deployment enabled="false" runDeploymentRoot="atalia.beukes_DTAHQCZC9351JC1 2012-04-10 10_58_06">
      <DeploymentItem filename="C:\Program Files (x86)\Reference Assemblies\Microsoft\Framework\.NETFramework\v4.0\System.Windows.Forms.dll" />
      <DeploymentItem filename="C:\Program Files (x86)\Reference Assemblies\Microsoft\Framework\.NETFramework\v4.0\Microsoft.CSharp.dll" />
      <DeploymentItem filename="C:\Program Files (x86)\Reference Assemblies\Microsoft\Framework\.NETFramework\v4.0\System.Data.dll" />
      <DeploymentItem filename="C:\Program Files (x86)\Reference Assemblies\Microsoft\Framework\.NETFramework\v4.0\System.Data.DataSetExtensions.dll" />
      <DeploymentItem filename="C:\Program Files (x86)\Reference Assemblies\Microsoft\Framework\.NETFramework\v4.0\System.Deployment.dll" />
      <DeploymentItem filename="C:\Program Files (x86)\Reference Assemblies\Microsoft\Framework\.NETFramework\v4.0\System.Xml.Linq.dll" />
      <DeploymentItem filename="C:\Program Files (x86)\Reference Assemblies\Microsoft\Framework\.NETFramework\v4.0\System.Drawing.dll" />
      <DeploymentItem filename="C:\workspace\CodeChallenge\Mar2012\toh\toh\bin\Debug\toh.exe" />
      <DeploymentItem filename="C:\Program Files (x86)\Reference Assemblies\Microsoft\Framework\.NETFramework\v4.0\System.Xml.dll" />
    </Deployment>
    <Execution>
      <TestTypeSpecific />
      <AgentRule name="Execution Agents">
      </AgentRule>
    </Execution>
  </TestSettings>
  <Times creation="2012-04-10T10:58:06.8225494+02:00" queuing="2012-04-10T10:58:07.8996571+02:00" start="2012-04-10T10:58:08.0186690+02:00" finish="2012-04-10T11:00:09.7118371+02:00" />
  <ResultSummary outcome="Error">
    <Counters total="5" executed="2" error="0" failed="0" timeout="0" aborted="1" inconclusive="1" passedButRunAborted="0" notRunnable="0" notExecuted="3" disconnected="0" warning="0" passed="0" completed="0" inProgress="0" pending="0" />
    <RunInfos>
      <RunInfo computerName="DTAHQCZC9351JC1" outcome="Error" timestamp="2012-04-10T11:00:09.7098369+02:00">
        <Text>Test host process exited unexpectedly.</Text>
      </RunInfo>
    </RunInfos>
  </ResultSummary>
  <TestDefinitions>
    <UnitTest name="MoveTest" storage="c:\workspace\codechallenge\mar2012\toh\testproject1\bin\debug\testproject1.dll" id="46c9b9dc-654e-b117-e2e8-cdced9c89c83">
      <Execution id="b5738e79-77c9-4fd1-8cd0-f8894948b658" />
      <TestMethod codeBase="C:/workspace/CodeChallenge/Mar2012/toh/TestProject1/bin/Debug/TestProject1.DLL" adapterTypeName="Microsoft.VisualStudio.TestTools.TestTypes.Unit.UnitTestAdapter, Microsoft.VisualStudio.QualityTools.Tips.UnitTest.Adapter, Version=10.0.0.0, Culture=neutral, PublicKeyToken=b03f5f7f11d50a3a" className="TestProject1.GameStateTest, TestProject1, Version=1.0.0.0, Culture=neutral, PublicKeyToken=null" name="MoveTest" />
    </UnitTest>
    <UnitTest name="getMoveCountTest" storage="c:\workspace\codechallenge\mar2012\toh\testproject1\bin\debug\testproject1.dll" id="6a5361c1-ebe9-ff86-bdf3-8a65935f37d7">
      <Execution id="12ab1693-b687-47e1-bacc-cba6ceec73e7" />
      <TestMethod codeBase="C:/workspace/CodeChallenge/Mar2012/toh/TestProject1/bin/Debug/TestProject1.DLL" adapterTypeName="Microsoft.VisualStudio.TestTools.TestTypes.Unit.UnitTestAdapter, Microsoft.VisualStudio.QualityTools.Tips.UnitTest.Adapter, Version=10.0.0.0, Culture=neutral, PublicKeyToken=b03f5f7f11d50a3a" className="TestProject1.MoveCalculatorTest, TestProject1, Version=1.0.0.0, Culture=neutral, PublicKeyToken=null" name="getMoveCountTest" />
    </UnitTest>
    <UnitTest name="getMovesTest" storage="c:\workspace\codechallenge\mar2012\toh\testproject1\bin\debug\testproject1.dll" id="9cd0caa3-7b89-e5d4-6714-cba236976e2d">
      <Execution id="7b9a621f-bbda-48bb-ad15-e10f4be666ed" />
      <TestMethod codeBase="C:/workspace/CodeChallenge/Mar2012/toh/TestProject1/bin/Debug/TestProject1.DLL" adapterTypeName="Microsoft.VisualStudio.TestTools.TestTypes.Unit.UnitTestAdapter, Microsoft.VisualStudio.QualityTools.Tips.UnitTest.Adapter, Version=10.0.0.0, Culture=neutral, PublicKeyToken=b03f5f7f11d50a3a" className="TestProject1.MoveCalculatorTest, TestProject1, Version=1.0.0.0, Culture=neutral, PublicKeyToken=null" name="getMovesTest" />
    </UnitTest>
    <UnitTest name="IsSolvedTest" storage="c:\workspace\codechallenge\mar2012\toh\testproject1\bin\debug\testproject1.dll" id="e1d37d35-df28-d38f-0c9f-cb776dfc003c">
      <Execution id="41c3d7b9-dac6-4b7a-b64d-da5352d7b5ea" />
      <TestMethod codeBase="C:/workspace/CodeChallenge/Mar2012/toh/TestProject1/bin/Debug/TestProject1.DLL" adapterTypeName="Microsoft.VisualStudio.TestTools.TestTypes.Unit.UnitTestAdapter, Microsoft.VisualStudio.QualityTools.Tips.UnitTest.Adapter, Version=10.0.0.0, Culture=neutral, PublicKeyToken=b03f5f7f11d50a3a" className="TestProject1.GameStateTest, TestProject1, Version=1.0.0.0, Culture=neutral, PublicKeyToken=null" name="IsSolvedTest" />
    </UnitTest>
    <UnitTest name="RestartGameTest" storage="c:\workspace\codechallenge\mar2012\toh\testproject1\bin\debug\testproject1.dll" id="75e81428-2d3c-2c70-5a75-13c8b9f91036">
      <Execution id="750d28fd-6598-4767-a249-83a382acb533" />
      <TestMethod codeBase="C:/workspace/CodeChallenge/Mar2012/toh/TestProject1/bin/Debug/TestProject1.DLL" adapterTypeName="Microsoft.VisualStudio.TestTools.TestTypes.Unit.UnitTestAdapter, Microsoft.VisualStudio.QualityTools.Tips.UnitTest.Adapter, Version=10.0.0.0, Culture=neutral, PublicKeyToken=b03f5f7f11d50a3a" className="TestProject1.GameStateTest, TestProject1, Version=1.0.0.0, Culture=neutral, PublicKeyToken=null" name="RestartGameTest" />
    </UnitTest>
  </TestDefinitions>
  <TestLists>
    <TestList name="Results Not in a List" id="8c84fa94-04c1-424b-9868-57a2d4851a1d" />
    <TestList name="All Loaded Results" id="19431567-8539-422a-85d7-44ee4e166bda" />
  </TestLists>
  <TestEntries>
    <TestEntry testId="9cd0caa3-7b89-e5d4-6714-cba236976e2d" executionId="7b9a621f-bbda-48bb-ad15-e10f4be666ed" testListId="8c84fa94-04c1-424b-9868-57a2d4851a1d" />
    <TestEntry testId="6a5361c1-ebe9-ff86-bdf3-8a65935f37d7" executionId="12ab1693-b687-47e1-bacc-cba6ceec73e7" testListId="8c84fa94-04c1-424b-9868-57a2d4851a1d" />
    <TestEntry testId="75e81428-2d3c-2c70-5a75-13c8b9f91036" executionId="750d28fd-6598-4767-a249-83a382acb533" testListId="8c84fa94-04c1-424b-9868-57a2d4851a1d" />
    <TestEntry testId="e1d37d35-df28-d38f-0c9f-cb776dfc003c" executionId="41c3d7b9-dac6-4b7a-b64d-da5352d7b5ea" testListId="8c84fa94-04c1-424b-9868-57a2d4851a1d" />
    <TestEntry testId="46c9b9dc-654e-b117-e2e8-cdced9c89c83" executionId="b5738e79-77c9-4fd1-8cd0-f8894948b658" testListId="8c84fa94-04c1-424b-9868-57a2d4851a1d" />
  </TestEntries>
  <Results>
    <UnitTestResult executionId="7b9a621f-bbda-48bb-ad15-e10f4be666ed" testId="9cd0caa3-7b89-e5d4-6714-cba236976e2d" testName="getMovesTest" computerName="DTAHQCZC9351JC1" duration="00:00:07.6022225" startTime="2012-04-10T10:58:08.1266798+02:00" endTime="2012-04-10T10:58:17.1575828+02:00" testType="13cdc9d9-ddb5-4fa4-a97d-d965ccfc6d4b" outcome="Inconclusive" testListId="8c84fa94-04c1-424b-9868-57a2d4851a1d" relativeResultsDirectory="7b9a621f-bbda-48bb-ad15-e10f4be666ed">
      <Output>
        <ErrorInfo>
          <Message>Assert.Inconclusive failed. Verify the correctness of this test method.</Message>
          <StackTrace>   at TestProject1.MoveCalculatorTest.getMovesTest() in C:\workspace\CodeChallenge\Mar2012\toh\TestProject1\MoveCalculatorTest.cs:line 99
</StackTrace>
        </ErrorInfo>
      </Output>
    </UnitTestResult>
    <UnitTestResult executionId="12ab1693-b687-47e1-bacc-cba6ceec73e7" testId="6a5361c1-ebe9-ff86-bdf3-8a65935f37d7" testName="getMoveCountTest" computerName="DTAHQCZC9351JC1" duration="00:01:52.5402529" startTime="2012-04-10T10:58:17.1715842+02:00" endTime="2012-04-10T11:00:09.7118371+02:00" testType="13cdc9d9-ddb5-4fa4-a97d-d965ccfc6d4b" outcome="Aborted" testListId="8c84fa94-04c1-424b-9868-57a2d4851a1d" relativeResultsDirectory="12ab1693-b687-47e1-bacc-cba6ceec73e7">
    </UnitTestResult>
    <UnitTestResult executionId="750d28fd-6598-4767-a249-83a382acb533" testId="75e81428-2d3c-2c70-5a75-13c8b9f91036" testName="RestartGameTest" computerName="DTAHQCZC9351JC1" testType="13cdc9d9-ddb5-4fa4-a97d-d965ccfc6d4b" outcome="NotExecuted" testListId="8c84fa94-04c1-424b-9868-57a2d4851a1d" relativeResultsDirectory="750d28fd-6598-4767-a249-83a382acb533">
    </UnitTestResult>
    <UnitTestResult executionId="41c3d7b9-dac6-4b7a-b64d-da5352d7b5ea" testId="e1d37d35-df28-d38f-0c9f-cb776dfc003c" testName="IsSolvedTest" computerName="DTAHQCZC9351JC1" testType="13cdc9d9-ddb5-4fa4-a97d-d965ccfc6d4b" outcome="NotExecuted" testListId="8c84fa94-04c1-424b-9868-57a2d4851a1d" relativeResultsDirectory="41c3d7b9-dac6-4b7a-b64d-da5352d7b5ea">
    </UnitTestResult>
    <UnitTestResult executionId="b5738e79-77c9-4fd1-8cd0-f8894948b658" testId="46c9b9dc-654e-b117-e2e8-cdced9c89c83" testName="MoveTest" computerName="DTAHQCZC9351JC1" testType="13cdc9d9-ddb5-4fa4-a97d-d965ccfc6d4b" outcome="NotExecuted" testListId="8c84fa94-04c1-424b-9868-57a2d4851a1d" relativeResultsDirectory="b5738e79-77c9-4fd1-8cd0-f8894948b658">
    </UnitTestResult>
  </Results>
</TestRun>