<?xml version="1.0" encoding="UTF-8"?>
<TestRun id="e8989b52-3eab-4857-978e-be497db3d6df" name="atalia.beukes@DTAHQCZC9351JC1 2012-04-10 11:03:56" runUser="BWMAFR\atalia.beukes" xmlns="http://microsoft.com/schemas/VisualStudio/TeamTest/2010">
  <TestSettings name="Local" id="fb905960-8d90-4288-b6a8-1598539214c2">
    <Description>These are default test settings for a local test run.</Description>
    <Deployment enabled="false" runDeploymentRoot="atalia.beukes_DTAHQCZC9351JC1 2012-04-10 11_03_56">
      <DeploymentItem filename="C:\Program Files (x86)\Reference Assemblies\Microsoft\Framework\.NETFramework\v4.0\System.Windows.Forms.dll" />
      <DeploymentItem filename="C:\Program Files (x86)\Reference Assemblies\Microsoft\Framework\.NETFramework\v4.0\Microsoft.CSharp.dll" />
      <DeploymentItem filename="C:\Program Files (x86)\Reference Assemblies\Microsoft\Framework\.NETFramework\v4.0\System.Data.dll" />
      <DeploymentItem filename="C:\Program Files (x86)\Reference Assemblies\Microsoft\Framework\.NETFramework\v4.0\System.Data.DataSetExtensions.dll" />
      <DeploymentItem filename="C:\Program Files (x86)\Reference Assemblies\Microsoft\Framework\.NETFramework\v4.0\System.Deployment.dll" />
      <DeploymentItem filename="C:\Program Files (x86)\Reference Assemblies\Microsoft\Framework\.NETFramework\v4.0\System.Xml.Linq.dll" />
      <DeploymentItem filename="C:\Program Files (x86)\Reference Assemblies\Microsoft\Framework\.NETFramework\v4.0\System.Drawing.dll" />
      <DeploymentItem filename="C:\workspace\CodeChallenge\Mar2012\toh\toh\bin\Debug\toh.exe" />
      <DeploymentItem filename="C:\Program Files (x86)\Reference Assemblies\Microsoft\Framework\.NETFramework\v4.0\System.Xml.dll" />
    </Deployment>
    <Execution>
      <TestTypeSpecific />
      <AgentRule name="Execution Agents">
      </AgentRule>
    </Execution>
  </TestSettings>
  <Times creation="2012-04-10T11:03:56.5775214+02:00" queuing="2012-04-10T11:03:57.8316468+02:00" start="2012-04-10T11:03:57.9766613+02:00" finish="2012-04-10T11:04:02.0020638+02:00" />
  <ResultSummary outcome="Inconclusive">
    <Counters total="5" executed="5" passed="4" error="0" failed="0" timeout="0" aborted="0" inconclusive="1" passedButRunAborted="0" notRunnable="0" notExecuted="0" disconnected="0" warning="0" completed="0" inProgress="0" pending="0" />
  </ResultSummary>
  <TestDefinitions>
    <UnitTest name="MoveTest" storage="c:\workspace\codechallenge\mar2012\toh\testproject1\bin\debug\testproject1.dll" id="46c9b9dc-654e-b117-e2e8-cdced9c89c83">
      <Execution id="1ccca3d9-b809-425d-80a5-808b9a28c292" />
      <TestMethod codeBase="C:/workspace/CodeChallenge/Mar2012/toh/TestProject1/bin/Debug/TestProject1.DLL" adapterTypeName="Microsoft.VisualStudio.TestTools.TestTypes.Unit.UnitTestAdapter, Microsoft.VisualStudio.QualityTools.Tips.UnitTest.Adapter, Version=10.0.0.0, Culture=neutral, PublicKeyToken=b03f5f7f11d50a3a" className="TestProject1.GameStateTest, TestProject1, Version=1.0.0.0, Culture=neutral, PublicKeyToken=null" name="MoveTest" />
    </UnitTest>
    <UnitTest name="getMoveCountTest" storage="c:\workspace\codechallenge\mar2012\toh\testproject1\bin\debug\testproject1.dll" id="6a5361c1-ebe9-ff86-bdf3-8a65935f37d7">
      <Execution id="507374a7-b248-43f3-9fce-9f0450ebe939" />
      <TestMethod codeBase="C:/workspace/CodeChallenge/Mar2012/toh/TestProject1/bin/Debug/TestProject1.DLL" adapterTypeName="Microsoft.VisualStudio.TestTools.TestTypes.Unit.UnitTestAdapter, Microsoft.VisualStudio.QualityTools.Tips.UnitTest.Adapter, Version=10.0.0.0, Culture=neutral, PublicKeyToken=b03f5f7f11d50a3a" className="TestProject1.MoveCalculatorTest, TestProject1, Version=1.0.0.0, Culture=neutral, PublicKeyToken=null" name="getMoveCountTest" />
    </UnitTest>
    <UnitTest name="getMovesTest" storage="c:\workspace\codechallenge\mar2012\toh\testproject1\bin\debug\testproject1.dll" id="9cd0caa3-7b89-e5d4-6714-cba236976e2d">
      <Execution id="72ac8dfe-0858-409f-810d-ffd36765e518" />
      <TestMethod codeBase="C:/workspace/CodeChallenge/Mar2012/toh/TestProject1/bin/Debug/TestProject1.DLL" adapterTypeName="Microsoft.VisualStudio.TestTools.TestTypes.Unit.UnitTestAdapter, Microsoft.VisualStudio.QualityTools.Tips.UnitTest.Adapter, Version=10.0.0.0, Culture=neutral, PublicKeyToken=b03f5f7f11d50a3a" className="TestProject1.MoveCalculatorTest, TestProject1, Version=1.0.0.0, Culture=neutral, PublicKeyToken=null" name="getMovesTest" />
    </UnitTest>
    <UnitTest name="IsSolvedTest" storage="c:\workspace\codechallenge\mar2012\toh\testproject1\bin\debug\testproject1.dll" id="e1d37d35-df28-d38f-0c9f-cb776dfc003c">
      <Execution id="c1da1af1-8f4b-4491-b415-d6fb8d5c2297" />
      <TestMethod codeBase="C:/workspace/CodeChallenge/Mar2012/toh/TestProject1/bin/Debug/TestProject1.DLL" adapterTypeName="Microsoft.VisualStudio.TestTools.TestTypes.Unit.UnitTestAdapter, Microsoft.VisualStudio.QualityTools.Tips.UnitTest.Adapter, Version=10.0.0.0, Culture=neutral, PublicKeyToken=b03f5f7f11d50a3a" className="TestProject1.GameStateTest, TestProject1, Version=1.0.0.0, Culture=neutral, PublicKeyToken=null" name="IsSolvedTest" />
    </UnitTest>
    <UnitTest name="RestartGameTest" storage="c:\workspace\codechallenge\mar2012\toh\testproject1\bin\debug\testproject1.dll" id="75e81428-2d3c-2c70-5a75-13c8b9f91036">
      <Execution id="e3c89bd1-cb2a-4904-9d2d-d2ca2dbab1c1" />
      <TestMethod codeBase="C:/workspace/CodeChallenge/Mar2012/toh/TestProject1/bin/Debug/TestProject1.DLL" adapterTypeName="Microsoft.VisualStudio.TestTools.TestTypes.Unit.UnitTestAdapter, Microsoft.VisualStudio.QualityTools.Tips.UnitTest.Adapter, Version=10.0.0.0, Culture=neutral, PublicKeyToken=b03f5f7f11d50a3a" className="TestProject1.GameStateTest, TestProject1, Version=1.0.0.0, Culture=neutral, PublicKeyToken=null" name="RestartGameTest" />
    </UnitTest>
  </TestDefinitions>
  <TestLists>
    <TestList name="Results Not in a List" id="8c84fa94-04c1-424b-9868-57a2d4851a1d" />
    <TestList name="All Loaded Results" id="19431567-8539-422a-85d7-44ee4e166bda" />
  </TestLists>
  <TestEntries>
    <TestEntry testId="9cd0caa3-7b89-e5d4-6714-cba236976e2d" executionId="72ac8dfe-0858-409f-810d-ffd36765e518" testListId="8c84fa94-04c1-424b-9868-57a2d4851a1d" />
    <TestEntry testId="6a5361c1-ebe9-ff86-bdf3-8a65935f37d7" executionId="507374a7-b248-43f3-9fce-9f0450ebe939" testListId="8c84fa94-04c1-424b-9868-57a2d4851a1d" />
    <TestEntry testId="75e81428-2d3c-2c70-5a75-13c8b9f91036" executionId="e3c89bd1-cb2a-4904-9d2d-d2ca2dbab1c1" testListId="8c84fa94-04c1-424b-9868-57a2d4851a1d" />
    <TestEntry testId="e1d37d35-df28-d38f-0c9f-cb776dfc003c" executionId="c1da1af1-8f4b-4491-b415-d6fb8d5c2297" testListId="8c84fa94-04c1-424b-9868-57a2d4851a1d" />
    <TestEntry testId="46c9b9dc-654e-b117-e2e8-cdced9c89c83" executionId="1ccca3d9-b809-425d-80a5-808b9a28c292" testListId="8c84fa94-04c1-424b-9868-57a2d4851a1d" />
  </TestEntries>
  <Results>
    <UnitTestResult executionId="72ac8dfe-0858-409f-810d-ffd36765e518" testId="9cd0caa3-7b89-e5d4-6714-cba236976e2d" testName="getMovesTest" computerName="DTAHQCZC9351JC1" duration="00:00:02.0999537" startTime="2012-04-10T11:03:58.1186755+02:00" endTime="2012-04-10T11:04:01.5710207+02:00" testType="13cdc9d9-ddb5-4fa4-a97d-d965ccfc6d4b" outcome="Inconclusive" testListId="8c84fa94-04c1-424b-9868-57a2d4851a1d" relativeResultsDirectory="72ac8dfe-0858-409f-810d-ffd36765e518">
      <Output>
        <ErrorInfo>
          <Message>Assert.Inconclusive failed. Verify the correctness of this test method.</Message>
          <StackTrace>   at TestProject1.MoveCalculatorTest.getMovesTest() in C:\workspace\CodeChallenge\Mar2012\toh\TestProject1\MoveCalculatorTest.cs:line 99
</StackTrace>
        </ErrorInfo>
      </Output>
    </UnitTestResult>
    <UnitTestResult executionId="507374a7-b248-43f3-9fce-9f0450ebe939" testId="6a5361c1-ebe9-ff86-bdf3-8a65935f37d7" testName="getMoveCountTest" computerName="DTAHQCZC9351JC1" duration="00:00:00.0011607" startTime="2012-04-10T11:04:01.6640300+02:00" endTime="2012-04-10T11:04:01.6810317+02:00" testType="13cdc9d9-ddb5-4fa4-a97d-d965ccfc6d4b" outcome="Passed" testListId="8c84fa94-04c1-424b-9868-57a2d4851a1d" relativeResultsDirectory="507374a7-b248-43f3-9fce-9f0450ebe939">
    </UnitTestResult>
    <UnitTestResult executionId="e3c89bd1-cb2a-4904-9d2d-d2ca2dbab1c1" testId="75e81428-2d3c-2c70-5a75-13c8b9f91036" testName="RestartGameTest" computerName="DTAHQCZC9351JC1" duration="00:00:00.1421197" startTime="2012-04-10T11:04:01.6900326+02:00" endTime="2012-04-10T11:04:01.8360472+02:00" testType="13cdc9d9-ddb5-4fa4-a97d-d965ccfc6d4b" outcome="Passed" testListId="8c84fa94-04c1-424b-9868-57a2d4851a1d" relativeResultsDirectory="e3c89bd1-cb2a-4904-9d2d-d2ca2dbab1c1">
    </UnitTestResult>
    <UnitTestResult executionId="c1da1af1-8f4b-4491-b415-d6fb8d5c2297" testId="e1d37d35-df28-d38f-0c9f-cb776dfc003c" testName="IsSolvedTest" computerName="DTAHQCZC9351JC1" duration="00:00:00.0055995" startTime="2012-04-10T11:04:01.8460482+02:00" endTime="2012-04-10T11:04:01.8560492+02:00" testType="13cdc9d9-ddb5-4fa4-a97d-d965ccfc6d4b" outcome="Passed" testListId="8c84fa94-04c1-424b-9868-57a2d4851a1d" relativeResultsDirectory="c1da1af1-8f4b-4491-b415-d6fb8d5c2297">
    </UnitTestResult>
    <UnitTestResult executionId="1ccca3d9-b809-425d-80a5-808b9a28c292" testId="46c9b9dc-654e-b117-e2e8-cdced9c89c83" testName="MoveTest" computerName="DTAHQCZC9351JC1" duration="00:00:00.0092418" startTime="2012-04-10T11:04:01.8650501+02:00" endTime="2012-04-10T11:04:01.8790515+02:00" testType="13cdc9d9-ddb5-4fa4-a97d-d965ccfc6d4b" outcome="Passed" testListId="8c84fa94-04c1-424b-9868-57a2d4851a1d" relativeResultsDirectory="1ccca3d9-b809-425d-80a5-808b9a28c292">
    </UnitTestResult>
  </Results>
</TestRun>