<?xml version="1.0" encoding="UTF-8"?>
<TestRun id="5fa324c7-7dd3-4e0f-9c22-18466a16acda" name="atalia.beukes@DTAHQCZC9351JC1 2012-04-05 17:13:41" runUser="BWMAFR\atalia.beukes" xmlns="http://microsoft.com/schemas/VisualStudio/TeamTest/2010">
  <TestSettings name="Local" id="fb905960-8d90-4288-b6a8-1598539214c2">
    <Description>These are default test settings for a local test run.</Description>
    <Deployment enabled="false" runDeploymentRoot="atalia.beukes_DTAHQCZC9351JC1 2012-04-05 17_13_41">
      <DeploymentItem filename="C:\Program Files (x86)\Reference Assemblies\Microsoft\Framework\.NETFramework\v4.0\System.Windows.Forms.dll" />
      <DeploymentItem filename="C:\Program Files (x86)\Reference Assemblies\Microsoft\Framework\.NETFramework\v4.0\Microsoft.CSharp.dll" />
      <DeploymentItem filename="C:\Program Files (x86)\Reference Assemblies\Microsoft\Framework\.NETFramework\v4.0\System.Data.dll" />
      <DeploymentItem filename="C:\Program Files (x86)\Reference Assemblies\Microsoft\Framework\.NETFramework\v4.0\System.Data.DataSetExtensions.dll" />
      <DeploymentItem filename="C:\Program Files (x86)\Reference Assemblies\Microsoft\Framework\.NETFramework\v4.0\System.Deployment.dll" />
      <DeploymentItem filename="C:\Program Files (x86)\Reference Assemblies\Microsoft\Framework\.NETFramework\v4.0\System.Xml.Linq.dll" />
      <DeploymentItem filename="C:\Program Files (x86)\Reference Assemblies\Microsoft\Framework\.NETFramework\v4.0\System.Drawing.dll" />
      <DeploymentItem filename="C:\workspace\CodeChallenge\Mar2012\toh\toh\bin\Debug\toh.exe" />
      <DeploymentItem filename="C:\Program Files (x86)\Reference Assemblies\Microsoft\Framework\.NETFramework\v4.0\System.Xml.dll" />
    </Deployment>
    <Execution>
      <TestTypeSpecific />
      <AgentRule name="Execution Agents">
      </AgentRule>
    </Execution>
  </TestSettings>
  <Times creation="2012-04-05T17:13:41.1169990+02:00" queuing="2012-04-05T17:13:42.4491322+02:00" start="2012-04-05T17:13:42.6091482+02:00" finish="2012-04-05T17:14:17.6966566+02:00" />
  <ResultSummary outcome="Error">
    <Counters total="3" executed="2" passed="1" error="0" failed="0" timeout="0" aborted="1" inconclusive="0" passedButRunAborted="0" notRunnable="0" notExecuted="1" disconnected="0" warning="0" completed="0" inProgress="0" pending="0" />
    <RunInfos>
      <RunInfo computerName="DTAHQCZC9351JC1" outcome="Error" timestamp="2012-04-05T17:14:17.6946564+02:00">
        <Text>Test host process exited unexpectedly.</Text>
      </RunInfo>
    </RunInfos>
  </ResultSummary>
  <TestDefinitions>
    <UnitTest name="getMoveCountTest" storage="c:\workspace\codechallenge\mar2012\toh\testproject1\bin\debug\testproject1.dll" id="6a5361c1-ebe9-ff86-bdf3-8a65935f37d7">
      <Execution id="22e37ff3-aab3-44ac-8260-52b3a895a6eb" />
      <TestMethod codeBase="C:/workspace/CodeChallenge/Mar2012/toh/TestProject1/bin/Debug/TestProject1.DLL" adapterTypeName="Microsoft.VisualStudio.TestTools.TestTypes.Unit.UnitTestAdapter, Microsoft.VisualStudio.QualityTools.Tips.UnitTest.Adapter, Version=10.0.0.0, Culture=neutral, PublicKeyToken=b03f5f7f11d50a3a" className="TestProject1.MoveCalculatorTest, TestProject1, Version=1.0.0.0, Culture=neutral, PublicKeyToken=null" name="getMoveCountTest" />
    </UnitTest>
    <UnitTest name="GameStateConstructorTest" storage="c:\workspace\codechallenge\mar2012\toh\testproject1\bin\debug\testproject1.dll" id="c57fa57d-f0f6-2055-fc16-3831124f7414">
      <Execution id="be3bdf72-c455-4a85-b139-2828a263089f" />
      <TestMethod codeBase="C:/workspace/CodeChallenge/Mar2012/toh/TestProject1/bin/Debug/TestProject1.DLL" adapterTypeName="Microsoft.VisualStudio.TestTools.TestTypes.Unit.UnitTestAdapter, Microsoft.VisualStudio.QualityTools.Tips.UnitTest.Adapter, Version=10.0.0.0, Culture=neutral, PublicKeyToken=b03f5f7f11d50a3a" className="TestProject1.GameStateTest, TestProject1, Version=1.0.0.0, Culture=neutral, PublicKeyToken=null" name="GameStateConstructorTest" />
    </UnitTest>
    <UnitTest name="getMovesTest" storage="c:\workspace\codechallenge\mar2012\toh\testproject1\bin\debug\testproject1.dll" id="9cd0caa3-7b89-e5d4-6714-cba236976e2d">
      <Execution id="e23e243c-bd52-4ff1-99d5-f7bcbe992f79" />
      <TestMethod codeBase="C:/workspace/CodeChallenge/Mar2012/toh/TestProject1/bin/Debug/TestProject1.DLL" adapterTypeName="Microsoft.VisualStudio.TestTools.TestTypes.Unit.UnitTestAdapter, Microsoft.VisualStudio.QualityTools.Tips.UnitTest.Adapter, Version=10.0.0.0, Culture=neutral, PublicKeyToken=b03f5f7f11d50a3a" className="TestProject1.MoveCalculatorTest, TestProject1, Version=1.0.0.0, Culture=neutral, PublicKeyToken=null" name="getMovesTest" />
    </UnitTest>
  </TestDefinitions>
  <TestLists>
    <TestList name="Results Not in a List" id="8c84fa94-04c1-424b-9868-57a2d4851a1d" />
    <TestList name="All Loaded Results" id="19431567-8539-422a-85d7-44ee4e166bda" />
  </TestLists>
  <TestEntries>
    <TestEntry testId="c57fa57d-f0f6-2055-fc16-3831124f7414" executionId="be3bdf72-c455-4a85-b139-2828a263089f" testListId="8c84fa94-04c1-424b-9868-57a2d4851a1d" />
    <TestEntry testId="9cd0caa3-7b89-e5d4-6714-cba236976e2d" executionId="e23e243c-bd52-4ff1-99d5-f7bcbe992f79" testListId="8c84fa94-04c1-424b-9868-57a2d4851a1d" />
    <TestEntry testId="6a5361c1-ebe9-ff86-bdf3-8a65935f37d7" executionId="22e37ff3-aab3-44ac-8260-52b3a895a6eb" testListId="8c84fa94-04c1-424b-9868-57a2d4851a1d" />
  </TestEntries>
  <Results>
    <UnitTestResult executionId="be3bdf72-c455-4a85-b139-2828a263089f" testId="c57fa57d-f0f6-2055-fc16-3831124f7414" testName="GameStateConstructorTest" computerName="DTAHQCZC9351JC1" duration="00:00:00.0108350" startTime="2012-04-05T17:13:42.7081581+02:00" endTime="2012-04-05T17:13:43.6322505+02:00" testType="13cdc9d9-ddb5-4fa4-a97d-d965ccfc6d4b" outcome="Passed" testListId="8c84fa94-04c1-424b-9868-57a2d4851a1d" relativeResultsDirectory="be3bdf72-c455-4a85-b139-2828a263089f">
    </UnitTestResult>
    <UnitTestResult executionId="e23e243c-bd52-4ff1-99d5-f7bcbe992f79" testId="9cd0caa3-7b89-e5d4-6714-cba236976e2d" testName="getMovesTest" computerName="DTAHQCZC9351JC1" duration="00:00:34.0254022" startTime="2012-04-05T17:13:43.6712544+02:00" endTime="2012-04-05T17:14:17.6966566+02:00" testType="13cdc9d9-ddb5-4fa4-a97d-d965ccfc6d4b" outcome="Aborted" testListId="8c84fa94-04c1-424b-9868-57a2d4851a1d" relativeResultsDirectory="e23e243c-bd52-4ff1-99d5-f7bcbe992f79">
    </UnitTestResult>
    <UnitTestResult executionId="22e37ff3-aab3-44ac-8260-52b3a895a6eb" testId="6a5361c1-ebe9-ff86-bdf3-8a65935f37d7" testName="getMoveCountTest" computerName="DTAHQCZC9351JC1" testType="13cdc9d9-ddb5-4fa4-a97d-d965ccfc6d4b" outcome="NotExecuted" testListId="8c84fa94-04c1-424b-9868-57a2d4851a1d" relativeResultsDirectory="22e37ff3-aab3-44ac-8260-52b3a895a6eb">
    </UnitTestResult>
  </Results>
</TestRun>