<?xml version="1.0" encoding="UTF-8"?>
<TestRun id="67fc927e-1f82-48dc-93eb-4d2ca51f480e" name="atalia.beukes@DTAHQCZC9351JC1 2012-04-10 11:03:48" runUser="BWMAFR\atalia.beukes" xmlns="http://microsoft.com/schemas/VisualStudio/TeamTest/2010">
  <TestSettings name="Local" id="fb905960-8d90-4288-b6a8-1598539214c2">
    <Description>These are default test settings for a local test run.</Description>
    <Deployment enabled="false" runDeploymentRoot="atalia.beukes_DTAHQCZC9351JC1 2012-04-10 11_03_48">
      <DeploymentItem filename="C:\Program Files (x86)\Reference Assemblies\Microsoft\Framework\.NETFramework\v4.0\System.Windows.Forms.dll" />
      <DeploymentItem filename="C:\Program Files (x86)\Reference Assemblies\Microsoft\Framework\.NETFramework\v4.0\Microsoft.CSharp.dll" />
      <DeploymentItem filename="C:\Program Files (x86)\Reference Assemblies\Microsoft\Framework\.NETFramework\v4.0\System.Data.dll" />
      <DeploymentItem filename="C:\Program Files (x86)\Reference Assemblies\Microsoft\Framework\.NETFramework\v4.0\System.Data.DataSetExtensions.dll" />
      <DeploymentItem filename="C:\Program Files (x86)\Reference Assemblies\Microsoft\Framework\.NETFramework\v4.0\System.Deployment.dll" />
      <DeploymentItem filename="C:\Program Files (x86)\Reference Assemblies\Microsoft\Framework\.NETFramework\v4.0\System.Xml.Linq.dll" />
      <DeploymentItem filename="C:\Program Files (x86)\Reference Assemblies\Microsoft\Framework\.NETFramework\v4.0\System.Drawing.dll" />
      <DeploymentItem filename="C:\workspace\CodeChallenge\Mar2012\toh\toh\bin\Debug\toh.exe" />
      <DeploymentItem filename="C:\Program Files (x86)\Reference Assemblies\Microsoft\Framework\.NETFramework\v4.0\System.Xml.dll" />
    </Deployment>
    <Execution>
      <TestTypeSpecific />
      <AgentRule name="Execution Agents">
      </AgentRule>
    </Execution>
  </TestSettings>
  <Times creation="2012-04-10T11:03:48.6047242+02:00" queuing="2012-04-10T11:03:49.7068344+02:00" start="2012-04-10T11:03:49.8868524+02:00" finish="2012-04-10T11:03:54.3182955+02:00" />
  <ResultSummary outcome="Inconclusive">
    <Counters total="5" executed="5" passed="4" error="0" failed="0" timeout="0" aborted="0" inconclusive="1" passedButRunAborted="0" notRunnable="0" notExecuted="0" disconnected="0" warning="0" completed="0" inProgress="0" pending="0" />
  </ResultSummary>
  <TestDefinitions>
    <UnitTest name="MoveTest" storage="c:\workspace\codechallenge\mar2012\toh\testproject1\bin\debug\testproject1.dll" id="46c9b9dc-654e-b117-e2e8-cdced9c89c83">
      <Execution id="5cb2f997-22a1-43e3-b84d-b860873f98e8" />
      <TestMethod codeBase="C:/workspace/CodeChallenge/Mar2012/toh/TestProject1/bin/Debug/TestProject1.DLL" adapterTypeName="Microsoft.VisualStudio.TestTools.TestTypes.Unit.UnitTestAdapter, Microsoft.VisualStudio.QualityTools.Tips.UnitTest.Adapter, Version=10.0.0.0, Culture=neutral, PublicKeyToken=b03f5f7f11d50a3a" className="TestProject1.GameStateTest, TestProject1, Version=1.0.0.0, Culture=neutral, PublicKeyToken=null" name="MoveTest" />
    </UnitTest>
    <UnitTest name="getMoveCountTest" storage="c:\workspace\codechallenge\mar2012\toh\testproject1\bin\debug\testproject1.dll" id="6a5361c1-ebe9-ff86-bdf3-8a65935f37d7">
      <Execution id="53c7b9f7-94d3-462c-af61-22c6f3dabff8" />
      <TestMethod codeBase="C:/workspace/CodeChallenge/Mar2012/toh/TestProject1/bin/Debug/TestProject1.DLL" adapterTypeName="Microsoft.VisualStudio.TestTools.TestTypes.Unit.UnitTestAdapter, Microsoft.VisualStudio.QualityTools.Tips.UnitTest.Adapter, Version=10.0.0.0, Culture=neutral, PublicKeyToken=b03f5f7f11d50a3a" className="TestProject1.MoveCalculatorTest, TestProject1, Version=1.0.0.0, Culture=neutral, PublicKeyToken=null" name="getMoveCountTest" />
    </UnitTest>
    <UnitTest name="getMovesTest" storage="c:\workspace\codechallenge\mar2012\toh\testproject1\bin\debug\testproject1.dll" id="9cd0caa3-7b89-e5d4-6714-cba236976e2d">
      <Execution id="753fd291-2c8f-4f74-b548-6754db96ff5d" />
      <TestMethod codeBase="C:/workspace/CodeChallenge/Mar2012/toh/TestProject1/bin/Debug/TestProject1.DLL" adapterTypeName="Microsoft.VisualStudio.TestTools.TestTypes.Unit.UnitTestAdapter, Microsoft.VisualStudio.QualityTools.Tips.UnitTest.Adapter, Version=10.0.0.0, Culture=neutral, PublicKeyToken=b03f5f7f11d50a3a" className="TestProject1.MoveCalculatorTest, TestProject1, Version=1.0.0.0, Culture=neutral, PublicKeyToken=null" name="getMovesTest" />
    </UnitTest>
    <UnitTest name="IsSolvedTest" storage="c:\workspace\codechallenge\mar2012\toh\testproject1\bin\debug\testproject1.dll" id="e1d37d35-df28-d38f-0c9f-cb776dfc003c">
      <Execution id="372ab485-ee31-4bfe-ac6f-d4a51a760ee9" />
      <TestMethod codeBase="C:/workspace/CodeChallenge/Mar2012/toh/TestProject1/bin/Debug/TestProject1.DLL" adapterTypeName="Microsoft.VisualStudio.TestTools.TestTypes.Unit.UnitTestAdapter, Microsoft.VisualStudio.QualityTools.Tips.UnitTest.Adapter, Version=10.0.0.0, Culture=neutral, PublicKeyToken=b03f5f7f11d50a3a" className="TestProject1.GameStateTest, TestProject1, Version=1.0.0.0, Culture=neutral, PublicKeyToken=null" name="IsSolvedTest" />
    </UnitTest>
    <UnitTest name="RestartGameTest" storage="c:\workspace\codechallenge\mar2012\toh\testproject1\bin\debug\testproject1.dll" id="75e81428-2d3c-2c70-5a75-13c8b9f91036">
      <Execution id="3b5422e5-bd36-40e9-8bf7-ceb5b8581ec4" />
      <TestMethod codeBase="C:/workspace/CodeChallenge/Mar2012/toh/TestProject1/bin/Debug/TestProject1.DLL" adapterTypeName="Microsoft.VisualStudio.TestTools.TestTypes.Unit.UnitTestAdapter, Microsoft.VisualStudio.QualityTools.Tips.UnitTest.Adapter, Version=10.0.0.0, Culture=neutral, PublicKeyToken=b03f5f7f11d50a3a" className="TestProject1.GameStateTest, TestProject1, Version=1.0.0.0, Culture=neutral, PublicKeyToken=null" name="RestartGameTest" />
    </UnitTest>
  </TestDefinitions>
  <TestLists>
    <TestList name="Results Not in a List" id="8c84fa94-04c1-424b-9868-57a2d4851a1d" />
    <TestList name="All Loaded Results" id="19431567-8539-422a-85d7-44ee4e166bda" />
  </TestLists>
  <TestEntries>
    <TestEntry testId="9cd0caa3-7b89-e5d4-6714-cba236976e2d" executionId="753fd291-2c8f-4f74-b548-6754db96ff5d" testListId="8c84fa94-04c1-424b-9868-57a2d4851a1d" />
    <TestEntry testId="6a5361c1-ebe9-ff86-bdf3-8a65935f37d7" executionId="53c7b9f7-94d3-462c-af61-22c6f3dabff8" testListId="8c84fa94-04c1-424b-9868-57a2d4851a1d" />
    <TestEntry testId="75e81428-2d3c-2c70-5a75-13c8b9f91036" executionId="3b5422e5-bd36-40e9-8bf7-ceb5b8581ec4" testListId="8c84fa94-04c1-424b-9868-57a2d4851a1d" />
    <TestEntry testId="e1d37d35-df28-d38f-0c9f-cb776dfc003c" executionId="372ab485-ee31-4bfe-ac6f-d4a51a760ee9" testListId="8c84fa94-04c1-424b-9868-57a2d4851a1d" />
    <TestEntry testId="46c9b9dc-654e-b117-e2e8-cdced9c89c83" executionId="5cb2f997-22a1-43e3-b84d-b860873f98e8" testListId="8c84fa94-04c1-424b-9868-57a2d4851a1d" />
  </TestEntries>
  <Results>
    <UnitTestResult executionId="753fd291-2c8f-4f74-b548-6754db96ff5d" testId="9cd0caa3-7b89-e5d4-6714-cba236976e2d" testName="getMovesTest" computerName="DTAHQCZC9351JC1" duration="00:00:02.5283116" startTime="2012-04-10T11:03:50.0128650+02:00" endTime="2012-04-10T11:03:53.9252562+02:00" testType="13cdc9d9-ddb5-4fa4-a97d-d965ccfc6d4b" outcome="Inconclusive" testListId="8c84fa94-04c1-424b-9868-57a2d4851a1d" relativeResultsDirectory="753fd291-2c8f-4f74-b548-6754db96ff5d">
      <Output>
        <ErrorInfo>
          <Message>Assert.Inconclusive failed. Verify the correctness of this test method.</Message>
          <StackTrace>   at TestProject1.MoveCalculatorTest.getMovesTest() in C:\workspace\CodeChallenge\Mar2012\toh\TestProject1\MoveCalculatorTest.cs:line 99
</StackTrace>
        </ErrorInfo>
      </Output>
    </UnitTestResult>
    <UnitTestResult executionId="53c7b9f7-94d3-462c-af61-22c6f3dabff8" testId="6a5361c1-ebe9-ff86-bdf3-8a65935f37d7" testName="getMoveCountTest" computerName="DTAHQCZC9351JC1" duration="00:00:00.0011271" startTime="2012-04-10T11:03:53.9402577+02:00" endTime="2012-04-10T11:03:53.9462583+02:00" testType="13cdc9d9-ddb5-4fa4-a97d-d965ccfc6d4b" outcome="Passed" testListId="8c84fa94-04c1-424b-9868-57a2d4851a1d" relativeResultsDirectory="53c7b9f7-94d3-462c-af61-22c6f3dabff8">
    </UnitTestResult>
    <UnitTestResult executionId="3b5422e5-bd36-40e9-8bf7-ceb5b8581ec4" testId="75e81428-2d3c-2c70-5a75-13c8b9f91036" testName="RestartGameTest" computerName="DTAHQCZC9351JC1" duration="00:00:00.1484430" startTime="2012-04-10T11:03:53.9552592+02:00" endTime="2012-04-10T11:03:54.1092746+02:00" testType="13cdc9d9-ddb5-4fa4-a97d-d965ccfc6d4b" outcome="Passed" testListId="8c84fa94-04c1-424b-9868-57a2d4851a1d" relativeResultsDirectory="3b5422e5-bd36-40e9-8bf7-ceb5b8581ec4">
    </UnitTestResult>
    <UnitTestResult executionId="372ab485-ee31-4bfe-ac6f-d4a51a760ee9" testId="e1d37d35-df28-d38f-0c9f-cb776dfc003c" testName="IsSolvedTest" computerName="DTAHQCZC9351JC1" duration="00:00:00.0055937" startTime="2012-04-10T11:03:54.1292766+02:00" endTime="2012-04-10T11:03:54.1482785+02:00" testType="13cdc9d9-ddb5-4fa4-a97d-d965ccfc6d4b" outcome="Passed" testListId="8c84fa94-04c1-424b-9868-57a2d4851a1d" relativeResultsDirectory="372ab485-ee31-4bfe-ac6f-d4a51a760ee9">
    </UnitTestResult>
    <UnitTestResult executionId="5cb2f997-22a1-43e3-b84d-b860873f98e8" testId="46c9b9dc-654e-b117-e2e8-cdced9c89c83" testName="MoveTest" computerName="DTAHQCZC9351JC1" duration="00:00:00.0027063" startTime="2012-04-10T11:03:54.1662803+02:00" endTime="2012-04-10T11:03:54.1822819+02:00" testType="13cdc9d9-ddb5-4fa4-a97d-d965ccfc6d4b" outcome="Passed" testListId="8c84fa94-04c1-424b-9868-57a2d4851a1d" relativeResultsDirectory="5cb2f997-22a1-43e3-b84d-b860873f98e8">
    </UnitTestResult>
  </Results>
</TestRun>